08-Jan-2024 16:25:33.267 정보 [main] org.apache.catalina.startup.VersionLoggerListener.log 서버 버전 이름:    Apache Tomcat/9.0.84
08-Jan-2024 16:25:33.275 정보 [main] org.apache.catalina.startup.VersionLoggerListener.log Server 빌드 시각:  Dec 7 2023 19:27:40 UTC
08-Jan-2024 16:25:33.276 정보 [main] org.apache.catalina.startup.VersionLoggerListener.log Server 버전 번호:  9.0.84.0
08-Jan-2024 16:25:33.276 정보 [main] org.apache.catalina.startup.VersionLoggerListener.log 운영체제 이름:     Windows 10
08-Jan-2024 16:25:33.277 정보 [main] org.apache.catalina.startup.VersionLoggerListener.log 운영체제 버전:     10.0
08-Jan-2024 16:25:33.277 정보 [main] org.apache.catalina.startup.VersionLoggerListener.log 아키텍처:          x86
08-Jan-2024 16:25:33.277 정보 [main] org.apache.catalina.startup.VersionLoggerListener.log 자바 홈:           C:\dev\java-1.8.0-openjdk\jre
08-Jan-2024 16:25:33.277 정보 [main] org.apache.catalina.startup.VersionLoggerListener.log JVM 버전:          1.8.0_332-b09
08-Jan-2024 16:25:33.278 정보 [main] org.apache.catalina.startup.VersionLoggerListener.log JVM 벤더:          ojdkbuild
08-Jan-2024 16:25:33.278 정보 [main] org.apache.catalina.startup.VersionLoggerListener.log CATALINA_BASE:     C:\project\tomcat-9.0.84
08-Jan-2024 16:25:33.278 정보 [main] org.apache.catalina.startup.VersionLoggerListener.log CATALINA_HOME:     C:\project\tomcat-9.0.84
08-Jan-2024 16:25:33.284 정보 [main] org.apache.catalina.startup.VersionLoggerListener.log 명령 행 아규먼트:  -Djava.util.logging.config.file=C:\project\tomcat-9.0.84\conf\logging.properties
08-Jan-2024 16:25:33.284 정보 [main] org.apache.catalina.startup.VersionLoggerListener.log 명령 행 아규먼트:  -Djava.util.logging.manager=org.apache.juli.ClassLoaderLogManager
08-Jan-2024 16:25:33.284 정보 [main] org.apache.catalina.startup.VersionLoggerListener.log 명령 행 아규먼트:  -Djdk.tls.ephemeralDHKeySize=2048
08-Jan-2024 16:25:33.284 정보 [main] org.apache.catalina.startup.VersionLoggerListener.log 명령 행 아규먼트:  -Djava.protocol.handler.pkgs=org.apache.catalina.webresources
08-Jan-2024 16:25:33.284 정보 [main] org.apache.catalina.startup.VersionLoggerListener.log 명령 행 아규먼트:  -Dignore.endorsed.dirs=
08-Jan-2024 16:25:33.284 정보 [main] org.apache.catalina.startup.VersionLoggerListener.log 명령 행 아규먼트:  -Dcatalina.base=C:\project\tomcat-9.0.84
08-Jan-2024 16:25:33.286 정보 [main] org.apache.catalina.startup.VersionLoggerListener.log 명령 행 아규먼트:  -Dcatalina.home=C:\project\tomcat-9.0.84
08-Jan-2024 16:25:33.286 정보 [main] org.apache.catalina.startup.VersionLoggerListener.log 명령 행 아규먼트:  -Djava.io.tmpdir=C:\project\tomcat-9.0.84\temp
08-Jan-2024 16:25:33.289 경고 [main] org.apache.catalina.core.AprLifecycleListener.init APR 기반 Apache Tomcat Native 라이브러리를 로드하지 못했습니다. 보고된 오류는 [C:\project\tomcat-9.0.84\bin\tcnative-1.dll: Can't load AMD 64-bit .dll on a IA 32-bit platform]입니다.
	java.lang.UnsatisfiedLinkError: C:\project\tomcat-9.0.84\bin\tcnative-1.dll: Can't load AMD 64-bit .dll on a IA 32-bit platform
		at java.lang.ClassLoader$NativeLibrary.load(Native Method)
		at java.lang.ClassLoader.loadLibrary0(ClassLoader.java:1934)
		at java.lang.ClassLoader.loadLibrary(ClassLoader.java:1817)
		at java.lang.Runtime.load0(Runtime.java:810)
		at java.lang.System.load(System.java:1088)
		at org.apache.tomcat.jni.Library.<init>(Library.java:42)
		at org.apache.tomcat.jni.Library.initialize(Library.java:235)
		at org.apache.catalina.core.AprLifecycleListener.init(AprLifecycleListener.java:194)
		at org.apache.catalina.core.AprLifecycleListener.lifecycleEvent(AprLifecycleListener.java:132)
		at org.apache.catalina.util.LifecycleBase.fireLifecycleEvent(LifecycleBase.java:114)
		at org.apache.catalina.util.LifecycleBase.setStateInternal(LifecycleBase.java:402)
		at org.apache.catalina.util.LifecycleBase.init(LifecycleBase.java:126)
		at org.apache.catalina.startup.Catalina.load(Catalina.java:724)
		at org.apache.catalina.startup.Catalina.load(Catalina.java:746)
		at sun.reflect.NativeMethodAccessorImpl.invoke0(Native Method)
		at sun.reflect.NativeMethodAccessorImpl.invoke(NativeMethodAccessorImpl.java:62)
		at sun.reflect.DelegatingMethodAccessorImpl.invoke(DelegatingMethodAccessorImpl.java:43)
		at java.lang.reflect.Method.invoke(Method.java:498)
		at org.apache.catalina.startup.Bootstrap.load(Bootstrap.java:307)
		at org.apache.catalina.startup.Bootstrap.main(Bootstrap.java:477)
08-Jan-2024 16:25:33.774 정보 [main] org.apache.coyote.AbstractProtocol.init 프로토콜 핸들러 ["http-nio-8088"]을(를) 초기화합니다.
08-Jan-2024 16:25:33.820 정보 [main] org.apache.catalina.startup.Catalina.load [900] 밀리초 내에 서버가 초기화되었습니다.
08-Jan-2024 16:25:33.899 정보 [main] org.apache.catalina.core.StandardService.startInternal 서비스 [Catalina]을(를) 시작합니다.
08-Jan-2024 16:25:33.899 정보 [main] org.apache.catalina.core.StandardEngine.startInternal 서버 엔진을 시작합니다: [Apache Tomcat/9.0.84]
08-Jan-2024 16:25:33.913 정보 [main] org.apache.catalina.startup.HostConfig.deployDirectory 웹 애플리케이션 디렉토리 [C:\project\tomcat-9.0.84\webapps\docs]을(를) 배치합니다.
08-Jan-2024 16:25:35.001 경고 [main] org.apache.catalina.util.SessionIdGeneratorBase.createSecureRandom [SHA1PRNG] 알고리즘을 사용하여, 세션 ID를 생성하기 위한 SecureRandom 객체를 생성하는데, [648] 밀리초가 소요됐습니다.
08-Jan-2024 16:25:35.033 정보 [main] org.apache.catalina.startup.HostConfig.deployDirectory 웹 애플리케이션 디렉토리 [C:\project\tomcat-9.0.84\webapps\docs]에 대한 배치가 [1,120] 밀리초에 완료되었습니다.
08-Jan-2024 16:25:35.035 정보 [main] org.apache.catalina.startup.HostConfig.deployDirectory 웹 애플리케이션 디렉토리 [C:\project\tomcat-9.0.84\webapps\examples]을(를) 배치합니다.
08-Jan-2024 16:25:35.475 정보 [main] org.apache.catalina.startup.HostConfig.deployDirectory 웹 애플리케이션 디렉토리 [C:\project\tomcat-9.0.84\webapps\examples]에 대한 배치가 [441] 밀리초에 완료되었습니다.
08-Jan-2024 16:25:35.475 정보 [main] org.apache.catalina.startup.HostConfig.deployDirectory 웹 애플리케이션 디렉토리 [C:\project\tomcat-9.0.84\webapps\host-manager]을(를) 배치합니다.
08-Jan-2024 16:25:35.518 정보 [main] org.apache.catalina.startup.HostConfig.deployDirectory 웹 애플리케이션 디렉토리 [C:\project\tomcat-9.0.84\webapps\host-manager]에 대한 배치가 [43] 밀리초에 완료되었습니다.
08-Jan-2024 16:25:35.518 정보 [main] org.apache.catalina.startup.HostConfig.deployDirectory 웹 애플리케이션 디렉토리 [C:\project\tomcat-9.0.84\webapps\manager]을(를) 배치합니다.
08-Jan-2024 16:25:35.559 정보 [main] org.apache.catalina.startup.HostConfig.deployDirectory 웹 애플리케이션 디렉토리 [C:\project\tomcat-9.0.84\webapps\manager]에 대한 배치가 [41] 밀리초에 완료되었습니다.
08-Jan-2024 16:25:35.560 정보 [main] org.apache.catalina.startup.HostConfig.deployDirectory 웹 애플리케이션 디렉토리 [C:\project\tomcat-9.0.84\webapps\ROOT]을(를) 배치합니다.
08-Jan-2024 16:25:35.591 정보 [main] org.apache.catalina.startup.HostConfig.deployDirectory 웹 애플리케이션 디렉토리 [C:\project\tomcat-9.0.84\webapps\ROOT]에 대한 배치가 [31] 밀리초에 완료되었습니다.
08-Jan-2024 16:25:35.595 정보 [main] org.apache.coyote.AbstractProtocol.start 프로토콜 핸들러 ["http-nio-8088"]을(를) 시작합니다.
08-Jan-2024 16:25:35.636 정보 [main] org.apache.catalina.startup.Catalina.start 서버가 [1814] 밀리초 내에 시작되었습니다.
08-Jan-2024 16:38:23.751 정보 [main] org.apache.catalina.core.StandardServer.await 셧다운 포트를 통해 유효한 셧다운 명령을 받았습니다. 서버 인스턴스를 중지시킵니다.
08-Jan-2024 16:38:23.753 정보 [main] org.apache.coyote.AbstractProtocol.pause 프로토콜 핸들러 ["http-nio-8088"]을(를) 일시 정지 중
08-Jan-2024 16:38:24.128 정보 [main] org.apache.catalina.core.StandardService.stopInternal 서비스 [Catalina]을(를) 중지시킵니다.
08-Jan-2024 16:38:24.152 정보 [main] org.apache.coyote.AbstractProtocol.stop 프로토콜 핸들러 ["http-nio-8088"]을(를) 중지시킵니다.
08-Jan-2024 16:38:24.161 정보 [main] org.apache.coyote.AbstractProtocol.destroy 프로토콜 핸들러 ["http-nio-8088"]을(를) 소멸시킵니다.
